11:49:08 **** Incremental Build of configuration Nios II for project DemoMk3 ****
make all 
Info: Building C:/Users/vanno/OneDrive/Documents/GitKraken/3D_Graphic_Engine/lt24_fullHD_sdram_cache/Software/DemoMk3_bsp/
D:/intelFPGA_lite/18.1/nios2eds/bin/gnu/H-x86_64-mingw32/bin/make --no-print-directory -C C:/Users/vanno/OneDrive/Documents/GitKraken/3D_Graphic_Engine/lt24_fullHD_sdram_cache/Software/DemoMk3_bsp/
[BSP build complete]
Info: Compiling src/accelerometer.cpp to obj/default/src/accelerometer.o
nios2-elf-gcc -xc++ -MP -MMD -c -IC:/Users/vanno/OneDrive/Documents/GitKraken/3D_Graphic_Engine/lt24_fullHD_sdram_cache/Software/DemoMk3_bsp//HAL/inc -IC:/Users/vanno/OneDrive/Documents/GitKraken/3D_Graphic_Engine/lt24_fullHD_sdram_cache/Software/DemoMk3_bsp/ -IC:/Users/vanno/OneDrive/Documents/GitKraken/3D_Graphic_Engine/lt24_fullHD_sdram_cache/Software/DemoMk3_bsp//drivers/inc  -pipe -D__hal__ -DALT_NO_INSTRUCTION_EMULATION -DALT_SINGLE_THREADED      -O0 -g -Wall   -mno-hw-div -mhw-mul -mno-hw-mulx -mgpopt=global  -o obj/default/src/accelerometer.o src/accelerometer.cpp
In file included from src/../inc/config.h:47:0,
                 from src/accelerometer.cpp:2:
src/../inc/../inc/graphic_object.h:88:19: warning: non-static data member initializers only available with -std=c++11 or -std=gnu++11
         float n = 0.1; 
                   ^
src/../inc/../inc/graphic_object.h:89:19: warning: non-static data member initializers only available with -std=c++11 or -std=gnu++11
         float f = 100;
                   ^
src/../inc/../inc/graphic_object.h:91:29: warning: non-static data member initializers only available with -std=c++11 or -std=gnu++11
         float angleOfView = 45;
                             ^
src/../inc/../inc/graphic_object.h:92:43: warning: non-static data member initializers only available with -std=c++11 or -std=gnu++11
         float imageAspectRatio = (float)4/3;
                                           ^
src/../inc/../inc/graphic_object.h:93:61: warning: non-static data member initializers only available with -std=c++11 or -std=gnu++11
         float scale = tan(angleOfView * 0.5 * M_PI / 180) * n; //= 0.1;          //tan(angleOfView * 0.5 * M_PI / 180) * n;  
                                                             ^
In file included from src/../inc/config.h:47:0,
                 from src/accelerometer.cpp:2:
src/../inc/../inc/graphic_object.h:123:10: warning: non-static data member initializers only available with -std=c++11 or -std=gnu++11
          };
          ^
In file included from src/../inc/config.h:47:0,
                 from src/accelerometer.cpp:2:
src/../inc/../inc/graphic_object.h:143:35: warning: non-static data member initializers only available with -std=c++11 or -std=gnu++11
         float empty_matrix[4*4]={0};
                                   ^
src/../inc/../inc/graphic_object.h:147:44: warning: non-static data member initializers only available with -std=c++11 or -std=gnu++11
                                     0,0,0,1};
                                            ^
src/../inc/../inc/graphic_object.h:851:8: warning: non-static data member initializers only available with -std=c++11 or -std=gnu++11
        };
        ^
In file included from src/../inc/config.h:47:0,
                 from src/accelerometer.cpp:2:
src/../inc/../inc/graphic_object.h:123:10: warning: extended initializer lists only available with -std=c++11 or -std=gnu++11
          };
          ^
In file included from src/../inc/config.h:47:0,
                 from src/accelerometer.cpp:2:
src/../inc/../inc/graphic_object.h:143:35: warning: extended initializer lists only available with -std=c++11 or -std=gnu++11
         float empty_matrix[4*4]={0};
                                   ^
src/../inc/../inc/graphic_object.h:147:44: warning: extended initializer lists only available with -std=c++11 or -std=gnu++11
                                     0,0,0,1};
                                            ^
src/../inc/../inc/graphic_object.h:851:8: warning: extended initializer lists only available with -std=c++11 or -std=gnu++11
        };
        ^
src/accelerometer.cpp: In function 'void accelerometer_controller()':
src/accelerometer.cpp:25:20: warning: unused variable 'z_acc' [-Wunused-variable]
     static int32_t z_acc = 0; 
                    ^
Info: Compiling src/functions.cpp to obj/default/src/functions.o
nios2-elf-gcc -xc++ -MP -MMD -c -IC:/Users/vanno/OneDrive/Documents/GitKraken/3D_Graphic_Engine/lt24_fullHD_sdram_cache/Software/DemoMk3_bsp//HAL/inc -IC:/Users/vanno/OneDrive/Documents/GitKraken/3D_Graphic_Engine/lt24_fullHD_sdram_cache/Software/DemoMk3_bsp/ -IC:/Users/vanno/OneDrive/Documents/GitKraken/3D_Graphic_Engine/lt24_fullHD_sdram_cache/Software/DemoMk3_bsp//drivers/inc  -pipe -D__hal__ -DALT_NO_INSTRUCTION_EMULATION -DALT_SINGLE_THREADED      -O0 -g -Wall   -mno-hw-div -mhw-mul -mno-hw-mulx -mgpopt=global  -o obj/default/src/functions.o src/functions.cpp
In file included from src/../inc/config.h:47:0,
                 from src/functions.cpp:2:
src/../inc/../inc/graphic_object.h:88:19: warning: non-static data member initializers only available with -std=c++11 or -std=gnu++11
         float n = 0.1; 
                   ^
src/../inc/../inc/graphic_object.h:89:19: warning: non-static data member initializers only available with -std=c++11 or -std=gnu++11
         float f = 100;
                   ^
src/../inc/../inc/graphic_object.h:91:29: warning: non-static data member initializers only available with -std=c++11 or -std=gnu++11
         float angleOfView = 45;
                             ^
src/../inc/../inc/graphic_object.h:92:43: warning: non-static data member initializers only available with -std=c++11 or -std=gnu++11
         float imageAspectRatio = (float)4/3;
                                           ^
src/../inc/../inc/graphic_object.h:93:61: warning: non-static data member initializers only available with -std=c++11 or -std=gnu++11
         float scale = tan(angleOfView * 0.5 * M_PI / 180) * n; //= 0.1;          //tan(angleOfView * 0.5 * M_PI / 180) * n;  
                                                             ^
In file included from src/../inc/config.h:47:0,
                 from src/functions.cpp:2:
src/../inc/../inc/graphic_object.h:123:10: warning: non-static data member initializers only available with -std=c++11 or -std=gnu++11
          };
          ^
In file included from src/../inc/config.h:47:0,
                 from src/functions.cpp:2:
src/../inc/../inc/graphic_object.h:143:35: warning: non-static data member initializers only available with -std=c++11 or -std=gnu++11
         float empty_matrix[4*4]={0};
                                   ^
src/../inc/../inc/graphic_object.h:147:44: warning: non-static data member initializers only available with -std=c++11 or -std=gnu++11
                                     0,0,0,1};
                                            ^
src/../inc/../inc/graphic_object.h:851:8: warning: non-static data member initializers only available with -std=c++11 or -std=gnu++11
        };
        ^
In file included from src/../inc/config.h:47:0,
                 from src/functions.cpp:2:
src/../inc/../inc/graphic_object.h:123:10: warning: extended initializer lists only available with -std=c++11 or -std=gnu++11
          };
          ^
In file included from src/../inc/config.h:47:0,
                 from src/functions.cpp:2:
src/../inc/../inc/graphic_object.h:143:35: warning: extended initializer lists only available with -std=c++11 or -std=gnu++11
         float empty_matrix[4*4]={0};
                                   ^
src/../inc/../inc/graphic_object.h:147:44: warning: extended initializer lists only available with -std=c++11 or -std=gnu++11
                                     0,0,0,1};
                                            ^
src/../inc/../inc/graphic_object.h:851:8: warning: extended initializer lists only available with -std=c++11 or -std=gnu++11
        };
        ^
src/functions.cpp: In function 'void alt_up_pixel_buffer_dma_clear_screen_delayed(alt_up_pixel_buffer_dma_dev*, int)':
src/functions.cpp:57:17: warning: comparison between signed and unsigned integer expressions [-Wsign-compare]
   for (x = 0; x < limit_y; x = x + 4)
                 ^
src/functions.cpp: In function 'void alt_up_pixel_buffer_dma_draw_line_enhanced_clipping(alt_up_pixel_buffer_dma_dev*, int, int, int, int, int, int)':
src/functions.cpp:116:45: warning: comparison between signed and unsigned integer expressions [-Wsign-compare]
  register char x0_valid = ((x_0 >=0) && (x_0<X_RES)) ? 1 : 0;
                                             ^
src/functions.cpp:117:45: warning: comparison between signed and unsigned integer expressions [-Wsign-compare]
  register char x1_valid = ((x_1 >=0) && (x_1<X_RES)) ? 1 : 0;
                                             ^
src/functions.cpp:118:45: warning: comparison between signed and unsigned integer expressions [-Wsign-compare]
  register char y0_valid = ((y_0 >=0) && (y_0<Y_RES)) ? 1 : 0;
                                             ^
src/functions.cpp:119:45: warning: comparison between signed and unsigned integer expressions [-Wsign-compare]
  register char y1_valid = ((y_1 >=0) && (y_1<Y_RES)) ? 1 : 0;
                                             ^
Info: Compiling src/graphic_object.cpp to obj/default/src/graphic_object.o
nios2-elf-gcc -xc++ -MP -MMD -c -IC:/Users/vanno/OneDrive/Documents/GitKraken/3D_Graphic_Engine/lt24_fullHD_sdram_cache/Software/DemoMk3_bsp//HAL/inc -IC:/Users/vanno/OneDrive/Documents/GitKraken/3D_Graphic_Engine/lt24_fullHD_sdram_cache/Software/DemoMk3_bsp/ -IC:/Users/vanno/OneDrive/Documents/GitKraken/3D_Graphic_Engine/lt24_fullHD_sdram_cache/Software/DemoMk3_bsp//drivers/inc  -pipe -D__hal__ -DALT_NO_INSTRUCTION_EMULATION -DALT_SINGLE_THREADED      -O0 -g -Wall   -mno-hw-div -mhw-mul -mno-hw-mulx -mgpopt=global  -o obj/default/src/graphic_object.o src/graphic_object.cpp
In file included from src/../inc/config.h:47:0,
                 from src/graphic_object.cpp:1:
src/../inc/../inc/graphic_object.h:88:19: warning: non-static data member initializers only available with -std=c++11 or -std=gnu++11
         float n = 0.1; 
                   ^
src/../inc/../inc/graphic_object.h:89:19: warning: non-static data member initializers only available with -std=c++11 or -std=gnu++11
         float f = 100;
                   ^
src/../inc/../inc/graphic_object.h:91:29: warning: non-static data member initializers only available with -std=c++11 or -std=gnu++11
         float angleOfView = 45;
                             ^
src/../inc/../inc/graphic_object.h:92:43: warning: non-static data member initializers only available with -std=c++11 or -std=gnu++11
         float imageAspectRatio = (float)4/3;
                                           ^
src/../inc/../inc/graphic_object.h:93:61: warning: non-static data member initializers only available with -std=c++11 or -std=gnu++11
         float scale = tan(angleOfView * 0.5 * M_PI / 180) * n; //= 0.1;          //tan(angleOfView * 0.5 * M_PI / 180) * n;  
                                                             ^
In file included from src/../inc/config.h:47:0,
                 from src/graphic_object.cpp:1:
src/../inc/../inc/graphic_object.h:123:10: warning: non-static data member initializers only available with -std=c++11 or -std=gnu++11
          };
          ^
In file included from src/../inc/config.h:47:0,
                 from src/graphic_object.cpp:1:
src/../inc/../inc/graphic_object.h:143:35: warning: non-static data member initializers only available with -std=c++11 or -std=gnu++11
         float empty_matrix[4*4]={0};
                                   ^
src/../inc/../inc/graphic_object.h:147:44: warning: non-static data member initializers only available with -std=c++11 or -std=gnu++11
                                     0,0,0,1};
                                            ^
src/../inc/../inc/graphic_object.h:851:8: warning: non-static data member initializers only available with -std=c++11 or -std=gnu++11
        };
        ^
In file included from src/../inc/config.h:47:0,
                 from src/graphic_object.cpp:1:
src/../inc/../inc/graphic_object.h:123:10: warning: extended initializer lists only available with -std=c++11 or -std=gnu++11
          };
          ^
In file included from src/../inc/config.h:47:0,
                 from src/graphic_object.cpp:1:
src/../inc/../inc/graphic_object.h:143:35: warning: extended initializer lists only available with -std=c++11 or -std=gnu++11
         float empty_matrix[4*4]={0};
                                   ^
src/../inc/../inc/graphic_object.h:147:44: warning: extended initializer lists only available with -std=c++11 or -std=gnu++11
                                     0,0,0,1};
                                            ^
src/../inc/../inc/graphic_object.h:851:8: warning: extended initializer lists only available with -std=c++11 or -std=gnu++11
        };
        ^
Info: Compiling src/main.cpp to obj/default/src/main.o
nios2-elf-gcc -xc++ -MP -MMD -c -IC:/Users/vanno/OneDrive/Documents/GitKraken/3D_Graphic_Engine/lt24_fullHD_sdram_cache/Software/DemoMk3_bsp//HAL/inc -IC:/Users/vanno/OneDrive/Documents/GitKraken/3D_Graphic_Engine/lt24_fullHD_sdram_cache/Software/DemoMk3_bsp/ -IC:/Users/vanno/OneDrive/Documents/GitKraken/3D_Graphic_Engine/lt24_fullHD_sdram_cache/Software/DemoMk3_bsp//drivers/inc  -pipe -D__hal__ -DALT_NO_INSTRUCTION_EMULATION -DALT_SINGLE_THREADED      -O0 -g -Wall   -mno-hw-div -mhw-mul -mno-hw-mulx -mgpopt=global  -o obj/default/src/main.o src/main.cpp
In file included from src/../inc/config.h:47:0,
                 from src/main.cpp:2:
src/../inc/../inc/graphic_object.h:88:19: warning: non-static data member initializers only available with -std=c++11 or -std=gnu++11
         float n = 0.1; 
                   ^
src/../inc/../inc/graphic_object.h:89:19: warning: non-static data member initializers only available with -std=c++11 or -std=gnu++11
         float f = 100;
                   ^
src/../inc/../inc/graphic_object.h:91:29: warning: non-static data member initializers only available with -std=c++11 or -std=gnu++11
         float angleOfView = 45;
                             ^
src/../inc/../inc/graphic_object.h:92:43: warning: non-static data member initializers only available with -std=c++11 or -std=gnu++11
         float imageAspectRatio = (float)4/3;
                                           ^
src/../inc/../inc/graphic_object.h:93:61: warning: non-static data member initializers only available with -std=c++11 or -std=gnu++11
         float scale = tan(angleOfView * 0.5 * M_PI / 180) * n; //= 0.1;          //tan(angleOfView * 0.5 * M_PI / 180) * n;  
                                                             ^
In file included from src/../inc/config.h:47:0,
                 from src/main.cpp:2:
src/../inc/../inc/graphic_object.h:123:10: warning: non-static data member initializers only available with -std=c++11 or -std=gnu++11
          };
          ^
In file included from src/../inc/config.h:47:0,
                 from src/main.cpp:2:
src/../inc/../inc/graphic_object.h:143:35: warning: non-static data member initializers only available with -std=c++11 or -std=gnu++11
         float empty_matrix[4*4]={0};
                                   ^
src/../inc/../inc/graphic_object.h:147:44: warning: non-static data member initializers only available with -std=c++11 or -std=gnu++11
                                     0,0,0,1};
                                            ^
src/../inc/../inc/graphic_object.h:851:8: warning: non-static data member initializers only available with -std=c++11 or -std=gnu++11
        };
        ^
In file included from src/../inc/config.h:47:0,
                 from src/main.cpp:2:
src/../inc/../inc/graphic_object.h:123:10: warning: extended initializer lists only available with -std=c++11 or -std=gnu++11
          };
          ^
In file included from src/../inc/config.h:47:0,
                 from src/main.cpp:2:
src/../inc/../inc/graphic_object.h:143:35: warning: extended initializer lists only available with -std=c++11 or -std=gnu++11
         float empty_matrix[4*4]={0};
                                   ^
src/../inc/../inc/graphic_object.h:147:44: warning: extended initializer lists only available with -std=c++11 or -std=gnu++11
                                     0,0,0,1};
                                            ^
src/../inc/../inc/graphic_object.h:851:8: warning: extended initializer lists only available with -std=c++11 or -std=gnu++11
        };
        ^
Info: Linking DemoMk3.elf
nios2-elf-g++  -T'C:/Users/vanno/OneDrive/Documents/GitKraken/3D_Graphic_Engine/lt24_fullHD_sdram_cache/Software/DemoMk3_bsp//linker.x' -msys-crt0='C:/Users/vanno/OneDrive/Documents/GitKraken/3D_Graphic_Engine/lt24_fullHD_sdram_cache/Software/DemoMk3_bsp//obj/HAL/src/crt0.o' -msys-lib=hal_bsp -LC:/Users/vanno/OneDrive/Documents/GitKraken/3D_Graphic_Engine/lt24_fullHD_sdram_cache/Software/DemoMk3_bsp/   -Wl,-Map=DemoMk3.map   -O0 -g -Wall   -mno-hw-div -mhw-mul -mno-hw-mulx -mgpopt=global  -o DemoMk3.elf obj/default/src/accelerometer.o obj/default/src/functions.o obj/default/src/graphic_object.o obj/default/src/main.o -lm -msys-lib=m
nios2-elf-insert DemoMk3.elf --thread_model hal --cpu_name nios2_gen2_0 --qsys true --simulation_enabled false --id 20 --sidp 0x50018b0 --timestamp 1653383363 --stderr_dev jtag_uart_0 --stdin_dev jtag_uart_0 --stdout_dev jtag_uart_0 --sopc_system_name lt24_hires --quartus_project_dir "c:/Users/vanno/OneDrive/Documents/GitKraken/3D_Graphic_Engine/lt24_fullHD_sdram_cache/SoPC" --sopcinfo C:/Users/vanno/OneDrive/Documents/GitKraken/3D_Graphic_Engine/lt24_fullHD_sdram_cache/SoPC/lt24_hires.sopcinfo
Info: (DemoMk3.elf) 106 KBytes program size (code + initialized data).
Info:               65422 KBytes free for stack + heap.
Info: Creating DemoMk3.objdump
nios2-elf-objdump --disassemble --syms --all-header --source DemoMk3.elf >DemoMk3.objdump
[DemoMk3 build complete]

11:49:11 Build Finished (took 3s.352ms)

